<?xml version="1.0" encoding="UTF-8"?>
<!-- Generated by org.testng.reporters.JUnitReportReporter -->
<testsuite skipped="0" hostname="Bhavanis-MacBook-Pro.local" name="TestRailGeneric" tests="3" failures="0" timestamp="01 Mar 2020 20:31:52 GMT" time="31.721" errors="0">
  <testcase name="NewProjectExt_SimplifySR" time="10.623" classname="TestRailGeneric"/>
  <testcase name="NewProjectExt_SimplifySR" time="10.580" classname="TestRailGeneric"/>
  <testcase name="NewProjectExt_SimplifySR" time="10.518" classname="TestRailGeneric"/>
</testsuite> <!-- TestRailGeneric -->
